0 info it worked if it ends with ok
1 verbose cli [ '/home/akram/.nvm/versions/node/v7.0.0/bin/node',
1 verbose cli   '/home/akram/.nvm/versions/node/v7.0.0/bin/npm',
1 verbose cli   'install',
1 verbose cli   'randomcolor' ]
2 info using npm@3.10.8
3 info using node@v7.0.0
4 silly loadCurrentTree Starting
5 silly install loadCurrentTree
6 silly install readLocalPackageData
7 silly fetchPackageMetaData randomcolor
8 silly fetchNamedPackageData randomcolor
9 silly mapToRegistry name randomcolor
10 silly mapToRegistry using default registry
11 silly mapToRegistry registry https://registry.npmjs.org/
12 silly mapToRegistry data Result {
12 silly mapToRegistry   raw: 'randomcolor',
12 silly mapToRegistry   scope: null,
12 silly mapToRegistry   escapedName: 'randomcolor',
12 silly mapToRegistry   name: 'randomcolor',
12 silly mapToRegistry   rawSpec: '',
12 silly mapToRegistry   spec: 'latest',
12 silly mapToRegistry   type: 'tag' }
13 silly mapToRegistry uri https://registry.npmjs.org/randomcolor
14 verbose request uri https://registry.npmjs.org/randomcolor
15 verbose request no auth needed
16 info attempt registry request try #1 at 11:48:22
17 verbose request id 8181f29ee05ea91c
18 verbose etag W/"5702db07-3306"
19 verbose lastModified Mon, 04 Apr 2016 21:22:15 GMT
20 http request GET https://registry.npmjs.org/randomcolor
21 http 200 https://registry.npmjs.org/randomcolor
22 verbose headers { server: 'nginx/1.10.1',
22 verbose headers   'content-type': 'application/json',
22 verbose headers   'last-modified': 'Sat, 04 Feb 2017 04:36:32 GMT',
22 verbose headers   etag: 'W/"58955a50-3315"',
22 verbose headers   'content-encoding': 'gzip',
22 verbose headers   'cache-control': 'max-age=300',
22 verbose headers   'content-length': '2902',
22 verbose headers   'accept-ranges': 'bytes',
22 verbose headers   date: 'Wed, 08 Mar 2017 10:48:15 GMT',
22 verbose headers   via: '1.1 varnish',
22 verbose headers   age: '0',
22 verbose headers   connection: 'keep-alive',
22 verbose headers   'x-served-by': 'cache-cdg8720-CDG',
22 verbose headers   'x-cache': 'HIT',
22 verbose headers   'x-cache-hits': '1',
22 verbose headers   'x-timer': 'S1488970095.849854,VS0,VE49',
22 verbose headers   vary: 'Accept-Encoding' }
23 silly get cb [ 200,
23 silly get   { server: 'nginx/1.10.1',
23 silly get     'content-type': 'application/json',
23 silly get     'last-modified': 'Sat, 04 Feb 2017 04:36:32 GMT',
23 silly get     etag: 'W/"58955a50-3315"',
23 silly get     'content-encoding': 'gzip',
23 silly get     'cache-control': 'max-age=300',
23 silly get     'content-length': '2902',
23 silly get     'accept-ranges': 'bytes',
23 silly get     date: 'Wed, 08 Mar 2017 10:48:15 GMT',
23 silly get     via: '1.1 varnish',
23 silly get     age: '0',
23 silly get     connection: 'keep-alive',
23 silly get     'x-served-by': 'cache-cdg8720-CDG',
23 silly get     'x-cache': 'HIT',
23 silly get     'x-cache-hits': '1',
23 silly get     'x-timer': 'S1488970095.849854,VS0,VE49',
23 silly get     vary: 'Accept-Encoding' } ]
24 verbose get saving randomcolor to /home/akram/.npm/registry.npmjs.org/randomcolor/.cache.json
25 verbose correctMkdir /home/akram/.npm correctMkdir not in flight; initializing
26 silly install normalizeTree
27 silly loadCurrentTree Finishing
28 silly loadIdealTree Starting
29 silly install loadIdealTree
30 silly cloneCurrentTree Starting
31 silly install cloneCurrentTreeToIdealTree
32 silly cloneCurrentTree Finishing
33 silly loadShrinkwrap Starting
34 silly install loadShrinkwrap
35 silly loadShrinkwrap Finishing
36 silly loadAllDepsIntoIdealTree Starting
37 silly install loadAllDepsIntoIdealTree
38 silly rollbackFailedOptional Starting
39 silly rollbackFailedOptional Finishing
40 silly runTopLevelLifecycles Finishing
41 silly install printInstalled
42 verbose stack Error: Refusing to install randomcolor as a dependency of itself
42 verbose stack     at checkSelf (/home/akram/.nvm/versions/node/v7.0.0/lib/node_modules/npm/lib/install/validate-args.js:53:14)
42 verbose stack     at Array.<anonymous> (/home/akram/.nvm/versions/node/v7.0.0/lib/node_modules/npm/node_modules/slide/lib/bind-actor.js:15:8)
42 verbose stack     at LOOP (/home/akram/.nvm/versions/node/v7.0.0/lib/node_modules/npm/node_modules/slide/lib/chain.js:15:14)
42 verbose stack     at chain (/home/akram/.nvm/versions/node/v7.0.0/lib/node_modules/npm/node_modules/slide/lib/chain.js:20:5)
42 verbose stack     at /home/akram/.nvm/versions/node/v7.0.0/lib/node_modules/npm/lib/install/validate-args.js:16:5
42 verbose stack     at /home/akram/.nvm/versions/node/v7.0.0/lib/node_modules/npm/node_modules/slide/lib/async-map.js:52:35
42 verbose stack     at Array.forEach (native)
42 verbose stack     at /home/akram/.nvm/versions/node/v7.0.0/lib/node_modules/npm/node_modules/slide/lib/async-map.js:52:11
42 verbose stack     at Array.forEach (native)
42 verbose stack     at asyncMap (/home/akram/.nvm/versions/node/v7.0.0/lib/node_modules/npm/node_modules/slide/lib/async-map.js:51:8)
43 verbose cwd /home/akram/Documents/akram-git/randomColor
44 error Linux 4.2.0-42-generic
45 error argv "/home/akram/.nvm/versions/node/v7.0.0/bin/node" "/home/akram/.nvm/versions/node/v7.0.0/bin/npm" "install" "randomcolor"
46 error node v7.0.0
47 error npm  v3.10.8
48 error code ENOSELF
49 error Refusing to install randomcolor as a dependency of itself
50 error If you need help, you may report this error at:
50 error     <https://github.com/npm/npm/issues>
51 verbose exit [ 1, true ]
